#
# A fatal error has been detected by the Java Runtime Environment:
#
#  EXCEPTION_ACCESS_VIOLATION (0xc0000005) at pc=0x000000006513ea40, pid=5816, tid=0x00000000000014a4
#
# JRE version: Java(TM) SE Runtime Environment (8.0_112-b15) (build 1.8.0_112-b15)
# Java VM: Java HotSpot(TM) 64-Bit Server VM (25.112-b15 mixed mode windows-amd64 compressed oops)
# Problematic frame:
# V  [jvm.dll+0x44ea40]
#
# Failed to write core dump. Minidumps are not enabled by default on client versions of Windows
#
# If you would like to submit a bug report, please visit:
#   http://bugreport.java.com/bugreport/crash.jsp
#

---------------  T H R E A D  ---------------

Current thread (0x000000005693d800):  JavaThread "C1 CompilerThread2" daemon [_thread_in_native, id=5284, stack(0x0000000056d10000,0x0000000056e10000)]

siginfo: ExceptionCode=0xc0000005, reading address 0xffffffffffffffff

Registers:
RAX=0x0000000056e0e788, RBX=0x0000000057eff550, RCX=0x0000800057eff4f0, RDX=0x0000000056e0f2c0
RSP=0x0000000056e0e6f0, RBP=0x0000000056e0f2b0, RSI=0x0000000056e0f2c0, RDI=0x0000000056e0f2c0
R8 =0x0000000056e0f2c0, R9 =0x000000000000000c, R10=0x0000000000000000, R11=0x00000000568f80b0
R12=0x0000800057eff4f0, R13=0x0000000056e0f2c0, R14=0x00000000000000d9, R15=0x00000000000000d9
RIP=0x000000006513ea40, EFLAGS=0x0000000000010206

Top of Stack: (sp=0x0000000056e0e6f0)
0x0000000056e0e6f0:   0000000057efec70 0000000065110be0
0x0000000056e0e700:   0000000056b1b220 0000000056e0f2b0
0x0000000056e0e710:   0000000000000003 0000000057efec70
0x0000000056e0e720:   0000000000000003 0000000065112cf1
0x0000000056e0e730:   0000000000000000 0000000057efec90
0x0000000056e0e740:   0000000000000001 0000000056cc6990
0x0000000056e0e750:   0000000000000000 0000000057efec70
0x0000000056e0e760:   0000000000000000 0000000000000000
0x0000000056e0e770:   0000000056e0f2c0 0000000056cc6990
0x0000000056e0e780:   000000005787d700 0000000065110aef
0x0000000056e0e790:   0000000057eff550 0000000056e0f2b0
0x0000000056e0e7a0:   0000000056e0f2c0 0000000056e0f260
0x0000000056e0e7b0:   0000000057efe630 0000000065112ce1
0x0000000056e0e7c0:   0000000057eff550 0000000000000000
0x0000000056e0e7d0:   0000000057efe630 0000000056e0f260
0x0000000056e0e7e0:   0000000056e0f2b0 00000000651119de 

Instructions: (pc=0x000000006513ea40)
0x000000006513ea20:   48 81 ec 88 00 00 00 48 89 58 08 48 89 68 10 48
0x000000006513ea30:   89 70 18 48 89 78 e8 4c 8b ea 4c 8b e1 0f 1f 00
0x000000006513ea40:   41 0f 10 44 24 18 f2 41 0f 10 4c 24 28 33 ff 0f
0x000000006513ea50:   29 44 24 20 8b 6c 24 20 f2 0f 11 4c 24 30 85 ed 


Register to memory mapping:

RAX=0x0000000056e0e788 is pointing into the stack for thread: 0x000000005693d800
RBX=0x0000000057eff550 is an unknown value
RCX=0x0000800057eff4f0 is an unknown value
RDX=0x0000000056e0f2c0 is pointing into the stack for thread: 0x000000005693d800
RSP=0x0000000056e0e6f0 is pointing into the stack for thread: 0x000000005693d800
RBP=0x0000000056e0f2b0 is pointing into the stack for thread: 0x000000005693d800
RSI=0x0000000056e0f2c0 is pointing into the stack for thread: 0x000000005693d800
RDI=0x0000000056e0f2c0 is pointing into the stack for thread: 0x000000005693d800
R8 =0x0000000056e0f2c0 is pointing into the stack for thread: 0x000000005693d800
R9 =0x000000000000000c is an unknown value
R10=0x0000000000000000 is an unknown value
R11=0x00000000568f80b0 is an unknown value
R12=0x0000800057eff4f0 is an unknown value
R13=0x0000000056e0f2c0 is pointing into the stack for thread: 0x000000005693d800
R14=0x00000000000000d9 is an unknown value
R15=0x00000000000000d9 is an unknown value


Stack: [0x0000000056d10000,0x0000000056e10000],  sp=0x0000000056e0e6f0,  free space=1017k
Native frames: (J=compiled Java code, j=interpreted, Vv=VM code, C=native code)
V  [jvm.dll+0x44ea40]
V  [jvm.dll+0x420aef]
V  [jvm.dll+0x422ce1]
V  [jvm.dll+0x4219de]
V  [jvm.dll+0x421a49]
V  [jvm.dll+0x421a49]
V  [jvm.dll+0x421a49]
V  [jvm.dll+0x421a49]
V  [jvm.dll+0x421a49]
V  [jvm.dll+0x421a49]
V  [jvm.dll+0x421a49]
V  [jvm.dll+0x421a49]
V  [jvm.dll+0x421a49]
V  [jvm.dll+0x421a49]
V  [jvm.dll+0x421a49]
V  [jvm.dll+0x421a49]
V  [jvm.dll+0x421a49]
V  [jvm.dll+0x421a49]
V  [jvm.dll+0x421a49]
V  [jvm.dll+0x421a49]
V  [jvm.dll+0x421a49]
V  [jvm.dll+0x421a49]
V  [jvm.dll+0x421a49]
V  [jvm.dll+0x421a49]
V  [jvm.dll+0x421a49]
V  [jvm.dll+0x421a49]
V  [jvm.dll+0x421a49]
V  [jvm.dll+0x421a49]
V  [jvm.dll+0x421a49]
V  [jvm.dll+0x421a49]
V  [jvm.dll+0x421a49]
V  [jvm.dll+0x421a49]
V  [jvm.dll+0x421a49]
V  [jvm.dll+0x421a49]
V  [jvm.dll+0x421a49]
V  [jvm.dll+0x421a49]
V  [jvm.dll+0x421a49]
V  [jvm.dll+0x421a49]
V  [jvm.dll+0x421a49]
V  [jvm.dll+0x421a49]
V  [jvm.dll+0x421a49]
V  [jvm.dll+0x421a49]
V  [jvm.dll+0x421a49]
V  [jvm.dll+0x421a49]
V  [jvm.dll+0x421a49]
V  [jvm.dll+0x421a49]
V  [jvm.dll+0x421a49]
V  [jvm.dll+0x421a49]
V  [jvm.dll+0x421a49]
V  [jvm.dll+0x421a49]
V  [jvm.dll+0x421a49]
V  [jvm.dll+0x421a49]
V  [jvm.dll+0x421a49]
V  [jvm.dll+0x421a49]
V  [jvm.dll+0x421a49]
V  [jvm.dll+0x421a49]
V  [jvm.dll+0x421a49]
V  [jvm.dll+0x421a49]
V  [jvm.dll+0x4221d3]
V  [jvm.dll+0x44e662]
V  [jvm.dll+0x40e379]
V  [jvm.dll+0x40e501]
V  [jvm.dll+0x40e6c2]
V  [jvm.dll+0x40e891]
V  [jvm.dll+0x40ea9f]
V  [jvm.dll+0xa5932]
V  [jvm.dll+0xa626f]
V  [jvm.dll+0x244b1f]
V  [jvm.dll+0x29c36a]
C  [msvcr100.dll+0x21d9f]
C  [msvcr100.dll+0x21e3b]
C  [kernel32.dll+0x159cd]
C  [ntdll.dll+0x2a561]


Current CompileTask:
C1:    593  770       3       java.util.TreeMap::fixAfterInsertion (267 bytes)


---------------  P R O C E S S  ---------------

Java Threads: ( => current thread )
  0x0000000056940800 JavaThread "Service Thread" daemon [_thread_blocked, id=6112, stack(0x0000000056e90000,0x0000000056f90000)]
=>0x000000005693d800 JavaThread "C1 CompilerThread2" daemon [_thread_in_native, id=5284, stack(0x0000000056d10000,0x0000000056e10000)]
  0x0000000056934000 JavaThread "C2 CompilerThread1" daemon [_thread_blocked, id=6012, stack(0x0000000056510000,0x0000000056610000)]
  0x0000000054e9f800 JavaThread "C2 CompilerThread0" daemon [_thread_blocked, id=5244, stack(0x00000000567e0000,0x00000000568e0000)]
  0x0000000054e9d000 JavaThread "Attach Listener" daemon [_thread_blocked, id=2160, stack(0x0000000056670000,0x0000000056770000)]
  0x0000000054ead000 JavaThread "Signal Dispatcher" daemon [_thread_blocked, id=4320, stack(0x00000000563b0000,0x00000000564b0000)]
  0x0000000054e89800 JavaThread "Finalizer" daemon [_thread_blocked, id=2900, stack(0x0000000056230000,0x0000000056330000)]
  0x0000000054e42000 JavaThread "Reference Handler" daemon [_thread_blocked, id=5248, stack(0x00000000560f0000,0x00000000561f0000)]
  0x000000000223e800 JavaThread "main" [_thread_in_Java, id=5624, stack(0x0000000002460000,0x0000000002560000)]

Other Threads:
  0x0000000054e3a800 VMThread [stack: 0x0000000055fc0000,0x00000000560c0000] [id=4368]
  0x000000005694f000 WatcherThread [stack: 0x0000000057100000,0x0000000057200000] [id=4848]

VM state:not at safepoint (normal execution)

VM Mutex/Monitor currently owned by a thread: None

Heap:
 PSYoungGen      total 75776K, used 20812K [0x00000000eab00000, 0x00000000eff80000, 0x0000000100000000)
  eden space 65024K, 32% used [0x00000000eab00000,0x00000000ebf533c8,0x00000000eea80000)
  from space 10752K, 0% used [0x00000000ef500000,0x00000000ef500000,0x00000000eff80000)
  to   space 10752K, 0% used [0x00000000eea80000,0x00000000eea80000,0x00000000ef500000)
 ParOldGen       total 173568K, used 0K [0x00000000c0000000, 0x00000000ca980000, 0x00000000eab00000)
  object space 173568K, 0% used [0x00000000c0000000,0x00000000c0000000,0x00000000ca980000)
 Metaspace       used 5841K, capacity 6808K, committed 7168K, reserved 1056768K
  class space    used 623K, capacity 656K, committed 768K, reserved 1048576K

Card table byte_map: [0x0000000011bf0000,0x0000000011e00000] byte_map_base: 0x00000000115f0000

Marking Bits: (ParMarkBitMap*) 0x000000006550a6d0
 Begin Bits: [0x00000000122b0000, 0x00000000132b0000)
 End Bits:   [0x00000000132b0000, 0x00000000142b0000)

Polling page: 0x00000000001d0000

CodeCache: size=245760Kb used=2907Kb max_used=2927Kb free=242852Kb
 bounds [0x0000000002830000, 0x0000000002b10000, 0x0000000011830000]
 total_blobs=1037 nmethods=774 adapters=176
 compilation: enabled

Compilation events (10 events):
Event: 0.505 Thread 0x000000005693d800  767       1       com.android.dx.dex.file.DexFile::getProtoIds (5 bytes)
Event: 0.505 Thread 0x000000005693d800 nmethod 767 0x0000000002b06290 code [0x0000000002b063e0, 0x0000000002b064f0]
Event: 0.505 Thread 0x000000005693d800  768       3       com.android.dx.rop.type.StdTypeList::getType (6 bytes)
Event: 0.505 Thread 0x000000005693d800 nmethod 768 0x0000000002b06550 code [0x0000000002b066c0, 0x0000000002b06a88]
Event: 0.505 Thread 0x000000005693d800  769       3       com.android.dx.dex.file.Section::validateAlignment (23 bytes)
Event: 0.506 Thread 0x000000005693d800 nmethod 769 0x0000000002b06b90 code [0x0000000002b06d00, 0x0000000002b06f68]
Event: 0.506 Thread 0x000000005693d800  770       3       java.util.TreeMap::fixAfterInsertion (267 bytes)
Event: 0.506 Thread 0x0000000056934000 nmethod 752 0x0000000002b0a3d0 code [0x0000000002b0a580, 0x0000000002b0acb8]
Event: 0.507 Thread 0x0000000054e9f800  777       4       java.util.TreeMap::getEntry (84 bytes)
Event: 0.508 Thread 0x0000000054e9f800 nmethod 777 0x0000000002b07290 code [0x0000000002b073e0, 0x0000000002b07518]

GC Heap History (0 events):
No events

Deoptimization events (0 events):
No events

Internal exceptions (2 events):
Event: 0.025 Thread 0x000000000223e800 Exception <a 'java/lang/NoSuchMethodError': Method sun.misc.Unsafe.defineClass(Ljava/lang/String;[BII)Ljava/lang/Class; name or signature does not match> (0x00000000eab07c78) thrown at [C:\re\workspace\8-2-build-windows-amd64-cygwin\jdk8u112\7884\hotspot\
Event: 0.025 Thread 0x000000000223e800 Exception <a 'java/lang/NoSuchMethodError': Method sun.misc.Unsafe.prefetchRead(Ljava/lang/Object;J)V name or signature does not match> (0x00000000eab07f60) thrown at [C:\re\workspace\8-2-build-windows-amd64-cygwin\jdk8u112\7884\hotspot\src\share\vm\prims

Events (10 events):
Event: 0.525 loading class com/android/dx/dex/code/CatchHandlerList
Event: 0.525 loading class com/android/dx/dex/code/CatchHandlerList done
Event: 0.526 loading class com/android/dx/dex/code/CatchTable
Event: 0.526 loading class com/android/dx/dex/code/CatchTable done
Event: 0.531 loading class com/android/dx/dex/code/CatchHandlerList$Entry
Event: 0.531 loading class com/android/dx/dex/code/CatchHandlerList$Entry done
Event: 0.531 loading class com/android/dx/dex/code/CatchTable$Entry
Event: 0.531 loading class com/android/dx/dex/code/CatchTable$Entry done
Event: 0.532 loading class com/android/dx/util/ByteArrayAnnotatedOutput
Event: 0.532 loading class com/android/dx/util/ByteArrayAnnotatedOutput done


Dynamic libraries:
0x000000013f860000 - 0x000000013f897000 	C:\Program Files\Java\jdk1.8.0_112\bin\java.exe
0x0000000077710000 - 0x00000000778ba000 	C:\Windows\SYSTEM32\ntdll.dll
0x00000000774f0000 - 0x000000007760f000 	C:\Windows\system32\kernel32.dll
0x000007fefd500000 - 0x000007fefd56a000 	C:\Windows\system32\KERNELBASE.dll
0x000007fefecf0000 - 0x000007fefedcb000 	C:\Windows\system32\ADVAPI32.dll
0x000007feff950000 - 0x000007feff9ef000 	C:\Windows\system32\msvcrt.dll
0x000007feff930000 - 0x000007feff94f000 	C:\Windows\SYSTEM32\sechost.dll
0x000007feff4e0000 - 0x000007feff60d000 	C:\Windows\system32\RPCRT4.dll
0x0000000077610000 - 0x000000007770a000 	C:\Windows\system32\USER32.dll
0x000007fefdb60000 - 0x000007fefdbc7000 	C:\Windows\system32\GDI32.dll
0x000007fefdbd0000 - 0x000007fefdbde000 	C:\Windows\system32\LPK.dll
0x000007feff610000 - 0x000007feff6db000 	C:\Windows\system32\USP10.dll
0x000007fefbb30000 - 0x000007fefbd24000 	C:\Windows\WinSxS\amd64_microsoft.windows.common-controls_6595b64144ccf1df_6.0.7601.18837_none_fa3b1e3d17594757\COMCTL32.dll
0x000007fefef30000 - 0x000007fefefa1000 	C:\Windows\system32\SHLWAPI.dll
0x000007feff9f0000 - 0x000007feffa1e000 	C:\Windows\system32\IMM32.DLL
0x000007fefedd0000 - 0x000007fefeed9000 	C:\Windows\system32\MSCTF.dll
0x0000000066af0000 - 0x0000000066bc2000 	C:\Program Files\Java\jdk1.8.0_112\jre\bin\msvcr100.dll
0x0000000064cf0000 - 0x000000006558a000 	C:\Program Files\Java\jdk1.8.0_112\jre\bin\server\jvm.dll
0x000007feed860000 - 0x000007feed869000 	C:\Windows\system32\WSOCK32.dll
0x000007fefeee0000 - 0x000007fefef2d000 	C:\Windows\system32\WS2_32.dll
0x000007feff920000 - 0x000007feff928000 	C:\Windows\system32\NSI.dll
0x000007fefb3b0000 - 0x000007fefb3eb000 	C:\Windows\system32\WINMM.dll
0x000007fefc5b0000 - 0x000007fefc5bc000 	C:\Windows\system32\VERSION.dll
0x00000000778e0000 - 0x00000000778e7000 	C:\Windows\system32\PSAPI.DLL
0x0000000066ae0000 - 0x0000000066aef000 	C:\Program Files\Java\jdk1.8.0_112\jre\bin\verify.dll
0x0000000066ab0000 - 0x0000000066ad9000 	C:\Program Files\Java\jdk1.8.0_112\jre\bin\java.dll
0x0000000066a90000 - 0x0000000066aa6000 	C:\Program Files\Java\jdk1.8.0_112\jre\bin\zip.dll
0x000007fefdce0000 - 0x000007fefea6b000 	C:\Windows\system32\SHELL32.dll
0x000007fefeaf0000 - 0x000007fefecec000 	C:\Windows\system32\ole32.dll
0x000007fefd4d0000 - 0x000007fefd4df000 	C:\Windows\system32\profapi.dll
0x000007feec990000 - 0x000007feecab5000 	C:\Windows\system32\dbghelp.dll

VM Arguments:
jvm_args: -Djava.awt.headless=true -Xmx1024M -Dfile.encoding=windows-1252 -Duser.country=US -Duser.language=en -Duser.variant 
java_command: com.android.dx.command.Main --dex --num-threads=4 --output F:\DevelopingWorks\007_LookAndFeel\Working\Git\HelloMoon\android\app\build\intermediates\pre-dexed\debug\com.facebook.fresco-fresco-1.0.1_5b03b584eae99c863c73eec417d48a2ff2d68bc7.jar F:\DevelopingWorks\007_LookAndFeel\Working\Git\HelloMoon\android\app\build\intermediates\exploded-aar\com.facebook.fresco\fresco\1.0.1\jars\classes.jar
java_class_path (initial): E:\DevelopmentTools\AndroidSDK\build-tools\23.0.1\lib\dx.jar
Launcher Type: SUN_STANDARD

Environment Variables:
JAVA_HOME=C:\Program Files\Java\jdk1.8.0_112
CLASSPATH=F:\DevelopingWorks\007_LookAndFeel\Working\Git\HelloMoon\android\\gradle\wrapper\gradle-wrapper.jar
PATH=C:\ProgramData\Oracle\Java\javapath;C:\Windows\system32;C:\Windows;C:\Windows\System32\Wbem;C:\Windows\System32\WindowsPowerShell\v1.0\;C:\Program Files (x86)\Skype\Phone\;C:\Program Files\Microsoft SQL Server\120\Tools\Binn\;E:\DevelopmentTools\Nodejs\;E:\DevelopmentTools\AndroidSDK\tools; E:\DevelopmentTools\AndroidSDK\platform-tools;C:\Program Files (x86)\Yarn\bin;C:\Program Files\Git\cmd;C:\Program Files\Git\mingw64\bin;C:\Program Files\Git\usr\bin;C:\Users\kti\AppData\Roaming\npm;C:\Users\kti\AppData\Local\Yarn\bin;C:\Program Files\Microsoft VS Code\bin
USERNAME=kti
OS=Windows_NT
PROCESSOR_IDENTIFIER=Intel64 Family 6 Model 60 Stepping 3, GenuineIntel



---------------  S Y S T E M  ---------------

OS: Windows 7 , 64 bit Build 7601 (6.1.7601.23864)

CPU:total 4 (4 cores per cpu, 1 threads per core) family 6 model 60 stepping 3, cmov, cx8, fxsr, mmx, sse, sse2, sse3, ssse3, sse4.1, sse4.2, popcnt, avx, avx2, aes, clmul, erms, lzcnt, tsc, tscinvbit, bmi1, bmi2

Memory: 4k page, physical 16645504k(9184620k free), swap 33289148k(22276428k free)

vm_info: Java HotSpot(TM) 64-Bit Server VM (25.112-b15) for windows-amd64 JRE (1.8.0_112-b15), built on Sep 22 2016 21:31:56 by "java_re" with MS VC++ 10.0 (VS2010)

time: Tue Oct 24 11:07:31 2017
elapsed time: 0 seconds (0d 0h 0m 0s)

